<?xml version="1.0" encoding="UTF-8"?>
<!-- Generated by org.testng.reporters.JUnitXMLReporter -->
<testsuite hostname="Ankurs-MacBook-Pro.local" ignored="1" name="Default test" tests="2" failures="0" timestamp="03 Jun 2020 12:19:58 GMT" time="0.095" errors="0">
  <testcase name="tests" time="0.02" classname="testngtests.CheckDataProvider"/>
  <testcase name="tests" time="0.003" classname="testngtests.CheckDataProvider"/>
  <testcase name="test" time="0.0" classname="testngtests.CheckDataProvider">
    <ignored/>
  </testcase> <!-- test -->
</testsuite> <!-- Default test -->
