<?xml version="1.0" encoding="UTF-8"?>
<testng-results skipped="0" failed="0" ignored="1" total="3" passed="2">
  <reporter-output>
  </reporter-output>
  <suite name="Default suite" duration-ms="95" started-at="2020-06-03T12:19:57Z" finished-at="2020-06-03T12:19:58Z">
    <groups>
    </groups>
    <test name="Default test" duration-ms="95" started-at="2020-06-03T12:19:57Z" finished-at="2020-06-03T12:19:58Z">
      <class name="testngtests.CheckDataProvider">
        <test-method status="PASS" signature="tests(java.lang.String)[pri:0, instance:testngtests.CheckDataProvider@3bfdc050]" name="tests" duration-ms="20" started-at="2020-06-03T17:49:58Z" data-provider="giver" finished-at="2020-06-03T17:49:58Z">
          <params>
            <param index="0">
              <value>
                <![CDATA[this]]>
              </value>
            </param>
          </params>
          <reporter-output>
          </reporter-output>
        </test-method> <!-- tests -->
        <test-method status="PASS" signature="tests(java.lang.String)[pri:0, instance:testngtests.CheckDataProvider@3bfdc050]" name="tests" duration-ms="3" started-at="2020-06-03T17:49:58Z" data-provider="giver" finished-at="2020-06-03T17:49:58Z">
          <params>
            <param index="0">
              <value>
                <![CDATA[that]]>
              </value>
            </param>
          </params>
          <reporter-output>
          </reporter-output>
        </test-method> <!-- tests -->
      </class> <!-- testngtests.CheckDataProvider -->
    </test> <!-- Default test -->
  </suite> <!-- Default suite -->
</testng-results>
